.2021-05-03 10:48:24,786 - GW_IPM_RENRATIO REGIONAL AUTO INFO - Execution python script started.
2021-05-03 10:48:24,786 - GW_IPM_RENRATIO REGIONAL AUTO INFO - Imported all necessary python modules.
2021-05-03 10:48:24,786 - GW_IPM_RENRATIO REGIONAL AUTO INFO - Sqlite3 temporary work DB set up completed.
2021-05-03 10:48:24,786 - GW_IPM_RENRATIO REGIONAL AUTO INFO - Global dictionary initiated to resolve SAS macro varaibles.
2021-05-03 10:48:25,539 - GW_IPM_RENRATIO REGIONAL AUTO INFO - There were total 57892 records read from table:inforce202101.
2021-05-03 10:48:25,539 - GW_IPM_RENRATIO REGIONAL AUTO INFO - Table INFORCE202101 created successfully with 57892 records and 117 columns.
2021-05-03 10:48:32,399 - GW_IPM_RENRATIO REGIONAL AUTO INFO - There were total 57892 records read from table:inforce.
2021-05-03 10:48:32,529 - GW_IPM_RENRATIO REGIONAL AUTO INFO - inforceG1 created successfully with 57892 records
2021-05-03 10:48:40,937 - GW_IPM_RENRATIO REGIONAL AUTO INFO - There were total 325790 records read from table:inforcegenii202101.
2021-05-03 10:48:40,938 - GW_IPM_RENRATIO REGIONAL AUTO INFO - Table INFORCEGENII202101 created successfully with 325790 records and 213 columns.
2021-05-03 10:49:56,986 - GW_IPM_RENRATIO REGIONAL AUTO INFO - There were total 325790 records read from table:inforcegenii.
2021-05-03 10:49:58,223 - GW_IPM_RENRATIO REGIONAL AUTO INFO - inforceG2 name created successfully with 325790 records
2021-05-03 10:50:00,718 - GW_IPM_RENRATIO REGIONAL AUTO INFO - InfRen202101 created successfully with 383682 records
2021-05-03 10:50:02,752 - GW_IPM_RENRATIO REGIONAL AUTO INFO - There were total 57047 records read from table:inforce202102.
2021-05-03 10:50:02,752 - GW_IPM_RENRATIO REGIONAL AUTO INFO - Table INFORCE202102 created successfully with 57047 records and 117 columns.
2021-05-03 10:50:09,444 - GW_IPM_RENRATIO REGIONAL AUTO INFO - There were total 57047 records read from table:inforce.
2021-05-03 10:50:09,573 - GW_IPM_RENRATIO REGIONAL AUTO INFO - inforceG1 created successfully with 57047 records
2021-05-03 10:50:17,622 - GW_IPM_RENRATIO REGIONAL AUTO INFO - There were total 321125 records read from table:inforcegenii202102.
2021-05-03 10:50:17,622 - GW_IPM_RENRATIO REGIONAL AUTO INFO - Table INFORCEGENII202102 created successfully with 321125 records and 213 columns.
2021-05-03 10:51:33,033 - GW_IPM_RENRATIO REGIONAL AUTO INFO - There were total 321125 records read from table:inforcegenii.
2021-05-03 10:51:34,209 - GW_IPM_RENRATIO REGIONAL AUTO INFO - inforceG2 name created successfully with 321125 records
2021-05-03 10:51:36,688 - GW_IPM_RENRATIO REGIONAL AUTO INFO - InfRen202102 created successfully with 378172 records
2021-05-03 10:51:38,598 - GW_IPM_RENRATIO REGIONAL AUTO INFO - There were total 58808 records read from table:inforce202012.
2021-05-03 10:51:38,598 - GW_IPM_RENRATIO REGIONAL AUTO INFO - Table INFORCE202012 created successfully with 58808 records and 117 columns.
2021-05-03 10:51:45,283 - GW_IPM_RENRATIO REGIONAL AUTO INFO - There were total 58808 records read from table:inforce202012.
2021-05-03 10:51:45,325 - GW_IPM_RENRATIO REGIONAL AUTO INFO - Gen1 created successfully with 58808 records
2021-05-03 10:51:45,941 - GW_IPM_RENRATIO REGIONAL AUTO INFO - There were total 9442 records read from table:Gen1.
2021-05-03 10:51:46,099 - GW_IPM_RENRATIO REGIONAL AUTO INFO - Gen1 created successfully with 9442 records
2021-05-03 10:51:54,438 - GW_IPM_RENRATIO REGIONAL AUTO INFO - There were total 330227 records read from table:inforcegenii202012.
2021-05-03 10:51:54,438 - GW_IPM_RENRATIO REGIONAL AUTO INFO - Table INFORCEGENII202012 created successfully with 330227 records and 213 columns.
2021-05-03 10:53:10,906 - GW_IPM_RENRATIO REGIONAL AUTO INFO - There were total 330227 records read from table:inforcegenii202012.
2021-05-03 10:53:12,790 - GW_IPM_RENRATIO REGIONAL AUTO INFO - Gen2 created successfully with 330227 records
2021-05-03 10:53:56,183 - GW_IPM_RENRATIO REGIONAL AUTO INFO - There were total 51458 records read from table:Gen2.
2021-05-03 10:53:59,111 - GW_IPM_RENRATIO REGIONAL AUTO INFO - Gen2 created successfully with 51458 records
2021-05-03 10:54:04,895 - GW_IPM_RENRATIO REGIONAL AUTO INFO - Renew1 created successfully with 60900 records
2021-05-03 10:54:05,691 - GW_IPM_RENRATIO REGIONAL AUTO INFO - There were total 33050 records read from table:agent.
2021-05-03 10:54:05,692 - GW_IPM_RENRATIO REGIONAL AUTO INFO - Table AGENT created successfully with 33050 records and 14 columns.
2021-05-03 10:54:06,265 - GW_IPM_RENRATIO REGIONAL AUTO INFO - There were total 33050 records read from table:agent202012.
2021-05-03 10:54:06,285 - GW_IPM_RENRATIO REGIONAL AUTO INFO - agent created successfully with 33050 records
2021-05-03 10:54:06,439 - GW_IPM_RENRATIO REGIONAL AUTO INFO - Connected to SQLite temporary work DB
2021-05-03 10:54:06,440 - GW_IPM_RENRATIO REGIONAL AUTO INFO - executing Renew2 table
2021-05-03 10:54:06,683 - GW_IPM_RENRATIO REGIONAL AUTO INFO - Table RENEW2 created successfully with 60900 records.
2021-05-03 10:54:06,683 - GW_IPM_RENRATIO REGIONAL AUTO INFO - Sqlite working DB connection is closed.
2021-05-03 10:54:07,507 - GW_IPM_RENRATIO REGIONAL AUTO INFO - There were total 60900 records read from table:Renew2.
2021-05-03 10:54:07,539 - GW_IPM_RENRATIO REGIONAL AUTO INFO - Renew2 created successfully with 60900 records
2021-05-03 10:54:09,484 - GW_IPM_RENRATIO REGIONAL AUTO INFO - There were total 383682 records read from table:InfRen202101.
2021-05-03 10:54:09,507 - GW_IPM_RENRATIO REGIONAL AUTO INFO - InfRenSubset202101 created successfully with 56932 records
2021-05-03 10:54:10,902 - GW_IPM_RENRATIO REGIONAL AUTO INFO - There were total 378172 records read from table:InfRen202102.
2021-05-03 10:54:10,925 - GW_IPM_RENRATIO REGIONAL AUTO INFO - InfRenSubset202102 created successfully with 59671 records
2021-05-03 10:54:11,203 - GW_IPM_RENRATIO REGIONAL AUTO INFO - Connected to SQLite temporary work DB
2021-05-03 10:54:11,204 - GW_IPM_RENRATIO REGIONAL AUTO INFO - executing Renew3 table
2021-05-03 10:54:11,606 - GW_IPM_RENRATIO REGIONAL AUTO INFO - Table RENEW3 created successfully with 60900 records.
2021-05-03 10:54:11,606 - GW_IPM_RENRATIO REGIONAL AUTO INFO - Sqlite working DB connection is closed.
2021-05-03 10:54:11,606 - GW_IPM_RENRATIO REGIONAL AUTO INFO - Connected to SQLite temporary work DB
2021-05-03 10:54:11,606 - GW_IPM_RENRATIO REGIONAL AUTO INFO - executing Renew4 table
2021-05-03 10:54:12,015 - GW_IPM_RENRATIO REGIONAL AUTO INFO - Table RENEW4 created successfully with 60900 records.
2021-05-03 10:54:12,016 - GW_IPM_RENRATIO REGIONAL AUTO INFO - Sqlite working DB connection is closed.
2021-05-03 10:54:13,019 - GW_IPM_RENRATIO REGIONAL AUTO INFO - There were total 60900 records read from table:Renew4.
2021-05-03 10:54:13,156 - GW_IPM_RENRATIO REGIONAL AUTO INFO - Renew6 created successfully with 60900 records
2021-05-03 10:54:14,872 - GW_IPM_RENRATIO REGIONAL AUTO INFO - There were total 60900 records read from table:Renew6.
2021-05-03 10:54:15,174 - GW_IPM_RENRATIO REGIONAL AUTO INFO - Table HHLD1 created successfully with 32661 records and 31 columns.
2021-05-03 10:54:17,498 - GW_IPM_RENRATIO REGIONAL AUTO INFO - There were total 379635 records read from table:driver202012.
2021-05-03 10:54:17,499 - GW_IPM_RENRATIO REGIONAL AUTO INFO - Table DRIVER202012 created successfully with 379635 records and 43 columns.
2021-05-03 10:54:32,611 - GW_IPM_RENRATIO REGIONAL AUTO INFO - There were total 379635 records read from table:driver.
2021-05-03 10:54:32,914 - GW_IPM_RENRATIO REGIONAL AUTO INFO - driver created successfully with 379635 records
2021-05-03 10:54:37,084 - GW_IPM_RENRATIO REGIONAL AUTO INFO - There were total 319883 records read from table:drivergenii202012.
2021-05-03 10:54:37,084 - GW_IPM_RENRATIO REGIONAL AUTO INFO - Table DRIVERGENII202012 created successfully with 319883 records and 72 columns.
2021-05-03 10:54:46,706 - GW_IPM_RENRATIO REGIONAL AUTO INFO - There were total 379635 records read from table:driver.
2021-05-03 10:54:59,298 - GW_IPM_RENRATIO REGIONAL AUTO INFO - There were total 319883 records read from table:drivergenii.
2021-05-03 10:55:03,588 - GW_IPM_RENRATIO REGIONAL AUTO INFO - driver created successfully with 654718 records
2021-05-03 10:55:06,893 - GW_IPM_RENRATIO REGIONAL AUTO INFO - There were total 654718 records read from table:driver.
2021-05-03 10:55:07,104 - GW_IPM_RENRATIO REGIONAL AUTO INFO - Table DRIVER created successfully with 210529 records and 9 columns.
2021-05-03 10:55:12,724 - GW_IPM_RENRATIO REGIONAL AUTO INFO - There were total 58808 records read from table:inforce202012.
2021-05-03 10:55:12,766 - GW_IPM_RENRATIO REGIONAL AUTO INFO - termincep created successfully with 58808 records
2021-05-03 10:56:04,575 - GW_IPM_RENRATIO REGIONAL AUTO INFO - termincep created successfully with 389035 records
2021-05-03 10:56:06,165 - GW_IPM_RENRATIO REGIONAL AUTO INFO - There were total 389035 records read from table:termincep.
2021-05-03 10:56:06,331 - GW_IPM_RENRATIO REGIONAL AUTO INFO - Table TERMINCEP created successfully with 205871 records and 5 columns.
2021-05-03 10:56:07,710 - GW_IPM_RENRATIO REGIONAL AUTO INFO - Connected to SQLite temporary work DB
2021-05-03 10:56:07,710 - GW_IPM_RENRATIO REGIONAL AUTO INFO - executing Hhld2 table
2021-05-03 10:56:08,302 - GW_IPM_RENRATIO REGIONAL AUTO INFO - Table HHLD2 created successfully with 32661 records.
2021-05-03 10:56:08,303 - GW_IPM_RENRATIO REGIONAL AUTO INFO - Sqlite working DB connection is closed.
2021-05-03 10:56:08,819 - GW_IPM_RENRATIO REGIONAL AUTO INFO - There were total 32661 records read from table:Hhld2.
2021-05-03 10:56:09,148 - GW_IPM_RENRATIO REGIONAL AUTO INFO - Inf202012 created successfully with 32661 records
2021-05-03 10:56:10,982 - GW_IPM_RENRATIO REGIONAL AUTO INFO - There were total 57892 records read from table:inforce202101.
2021-05-03 10:56:10,982 - GW_IPM_RENRATIO REGIONAL AUTO INFO - Table INFORCE202101 created successfully with 57892 records and 117 columns.
2021-05-03 10:56:17,961 - GW_IPM_RENRATIO REGIONAL AUTO INFO - There were total 57892 records read from table:inforce202101.
2021-05-03 10:56:18,008 - GW_IPM_RENRATIO REGIONAL AUTO INFO - Gen1 created successfully with 57892 records
2021-05-03 10:56:18,858 - GW_IPM_RENRATIO REGIONAL AUTO INFO - There were total 9839 records read from table:Gen1.
2021-05-03 10:56:19,036 - GW_IPM_RENRATIO REGIONAL AUTO INFO - Gen1 created successfully with 9839 records
2021-05-03 10:56:27,454 - GW_IPM_RENRATIO REGIONAL AUTO INFO - There were total 325790 records read from table:inforcegenii202101.
2021-05-03 10:56:27,454 - GW_IPM_RENRATIO REGIONAL AUTO INFO - Table INFORCEGENII202101 created successfully with 325790 records and 213 columns.
2021-05-03 10:57:43,128 - GW_IPM_RENRATIO REGIONAL AUTO INFO - There were total 325790 records read from table:inforcegenii202101.
2021-05-03 10:57:44,838 - GW_IPM_RENRATIO REGIONAL AUTO INFO - Gen2 created successfully with 325790 records
2021-05-03 10:58:27,072 - GW_IPM_RENRATIO REGIONAL AUTO INFO - There were total 56408 records read from table:Gen2.
2021-05-03 10:58:30,172 - GW_IPM_RENRATIO REGIONAL AUTO INFO - Gen2 created successfully with 56408 records
2021-05-03 10:58:36,176 - GW_IPM_RENRATIO REGIONAL AUTO INFO - Renew1 created successfully with 66247 records
2021-05-03 10:58:37,024 - GW_IPM_RENRATIO REGIONAL AUTO INFO - There were total 33195 records read from table:agent.
2021-05-03 10:58:37,024 - GW_IPM_RENRATIO REGIONAL AUTO INFO - Table AGENT created successfully with 33195 records and 14 columns.
2021-05-03 10:58:37,612 - GW_IPM_RENRATIO REGIONAL AUTO INFO - There were total 33195 records read from table:agent202101.
2021-05-03 10:58:37,628 - GW_IPM_RENRATIO REGIONAL AUTO INFO - agent created successfully with 33195 records
2021-05-03 10:58:37,785 - GW_IPM_RENRATIO REGIONAL AUTO INFO - Connected to SQLite temporary work DB
2021-05-03 10:58:37,786 - GW_IPM_RENRATIO REGIONAL AUTO INFO - executing Renew2 table
2021-05-03 10:58:38,045 - GW_IPM_RENRATIO REGIONAL AUTO INFO - Table RENEW2 created successfully with 66247 records.
2021-05-03 10:58:38,046 - GW_IPM_RENRATIO REGIONAL AUTO INFO - Sqlite working DB connection is closed.
2021-05-03 10:58:38,947 - GW_IPM_RENRATIO REGIONAL AUTO INFO - There were total 66247 records read from table:Renew2.
2021-05-03 10:58:38,980 - GW_IPM_RENRATIO REGIONAL AUTO INFO - Renew2 created successfully with 66247 records
2021-05-03 10:58:40,784 - GW_IPM_RENRATIO REGIONAL AUTO INFO - There were total 60900 records read from table:Renew6.
2021-05-03 10:58:41,093 - GW_IPM_RENRATIO REGIONAL AUTO INFO - ***Table HHLD1 created successfully with 32661 records and 31 columns.
2021-05-03 10:58:43,346 - GW_IPM_RENRATIO REGIONAL AUTO INFO - There were total 365044 records read from table:driver202101.
2021-05-03 10:58:43,347 - GW_IPM_RENRATIO REGIONAL AUTO INFO - Table DRIVER202101 created successfully with 365044 records and 43 columns.
2021-05-03 10:58:58,279 - GW_IPM_RENRATIO REGIONAL AUTO INFO - There were total 365044 records read from table:driver.
2021-05-03 10:58:58,545 - GW_IPM_RENRATIO REGIONAL AUTO INFO - driver created successfully with 365044 records
2021-05-03 10:59:02,620 - GW_IPM_RENRATIO REGIONAL AUTO INFO - There were total 315564 records read from table:drivergenii202101.
2021-05-03 10:59:02,620 - GW_IPM_RENRATIO REGIONAL AUTO INFO - Table DRIVERGENII202101 created successfully with 315564 records and 72 columns.
2021-05-03 10:59:12,667 - GW_IPM_RENRATIO REGIONAL AUTO INFO - There were total 365044 records read from table:driver.
2021-05-03 10:59:25,619 - GW_IPM_RENRATIO REGIONAL AUTO INFO - There were total 315564 records read from table:drivergenii.
2021-05-03 10:59:29,804 - GW_IPM_RENRATIO REGIONAL AUTO INFO - driver created successfully with 637066 records
2021-05-03 10:59:33,293 - GW_IPM_RENRATIO REGIONAL AUTO INFO - There were total 637066 records read from table:driver.
2021-05-03 10:59:33,510 - GW_IPM_RENRATIO REGIONAL AUTO INFO - Table DRIVER created successfully with 202918 records and 9 columns.
2021-05-03 10:59:39,259 - GW_IPM_RENRATIO REGIONAL AUTO INFO - There were total 57892 records read from table:inforce202101.
2021-05-03 10:59:39,308 - GW_IPM_RENRATIO REGIONAL AUTO INFO - termincep created successfully with 57892 records
2021-05-03 11:00:31,522 - GW_IPM_RENRATIO REGIONAL AUTO INFO - termincep created successfully with 383682 records
2021-05-03 11:00:33,099 - GW_IPM_RENRATIO REGIONAL AUTO INFO - There were total 383682 records read from table:termincep.
2021-05-03 11:00:33,257 - GW_IPM_RENRATIO REGIONAL AUTO INFO - Table TERMINCEP created successfully with 202940 records and 5 columns.
2021-05-03 11:00:34,591 - GW_IPM_RENRATIO REGIONAL AUTO INFO - Connected to SQLite temporary work DB
2021-05-03 11:00:34,591 - GW_IPM_RENRATIO REGIONAL AUTO INFO - executing Hhld2 table
2021-05-03 11:00:35,126 - GW_IPM_RENRATIO REGIONAL AUTO INFO - ***Table HHLD2 created successfully with 32661 records.
2021-05-03 11:00:35,126 - GW_IPM_RENRATIO REGIONAL AUTO INFO - Sqlite working DB connection is closed.
2021-05-03 11:00:35,632 - GW_IPM_RENRATIO REGIONAL AUTO INFO - There were total 32661 records read from table:Hhld2.
2021-05-03 11:00:35,974 - GW_IPM_RENRATIO REGIONAL AUTO INFO - Inf202101 created successfully with 32661 records
2021-05-03 11:00:37,691 - GW_IPM_RENRATIO REGIONAL AUTO INFO - There were total 57047 records read from table:inforce202102.
2021-05-03 11:00:37,691 - GW_IPM_RENRATIO REGIONAL AUTO INFO - Table INFORCE202102 created successfully with 57047 records and 117 columns.
2021-05-03 11:00:44,705 - GW_IPM_RENRATIO REGIONAL AUTO INFO - There were total 57047 records read from table:inforce202102.
2021-05-03 11:00:44,747 - GW_IPM_RENRATIO REGIONAL AUTO INFO - Gen1 created successfully with 57047 records
2021-05-03 11:00:45,348 - GW_IPM_RENRATIO REGIONAL AUTO INFO - There were total 1213 records read from table:Gen1.
2021-05-03 11:00:45,403 - GW_IPM_RENRATIO REGIONAL AUTO INFO - ***Gen1 created successfully with 1213 records
2021-05-03 11:00:53,457 - GW_IPM_RENRATIO REGIONAL AUTO INFO - There were total 321125 records read from table:inforcegenii202102.
2021-05-03 11:00:53,458 - GW_IPM_RENRATIO REGIONAL AUTO INFO - Table INFORCEGENII202102 created successfully with 321125 records and 213 columns.
2021-05-03 11:02:09,707 - GW_IPM_RENRATIO REGIONAL AUTO INFO - There were total 321125 records read from table:inforcegenii202102.
2021-05-03 11:02:11,326 - GW_IPM_RENRATIO REGIONAL AUTO INFO - Gen2 created successfully with 321125 records
2021-05-03 11:02:46,613 - GW_IPM_RENRATIO REGIONAL AUTO INFO - There were total 7233 records read from table:Gen2.
2021-05-03 11:02:47,100 - GW_IPM_RENRATIO REGIONAL AUTO INFO - ***Gen2 created successfully with 7233 records
2021-05-03 11:02:50,683 - GW_IPM_RENRATIO REGIONAL AUTO INFO - Renew1 created successfully with 8446 records
2021-05-03 11:02:50,976 - GW_IPM_RENRATIO REGIONAL AUTO INFO - There were total 33369 records read from table:agent.
2021-05-03 11:02:50,976 - GW_IPM_RENRATIO REGIONAL AUTO INFO - Table AGENT created successfully with 33369 records and 14 columns.
2021-05-03 11:02:51,540 - GW_IPM_RENRATIO REGIONAL AUTO INFO - There were total 33369 records read from table:agent202102.
2021-05-03 11:02:51,551 - GW_IPM_RENRATIO REGIONAL AUTO INFO - agent created successfully with 33369 records
2021-05-03 11:02:51,692 - GW_IPM_RENRATIO REGIONAL AUTO INFO - Connected to SQLite temporary work DB
2021-05-03 11:02:51,692 - GW_IPM_RENRATIO REGIONAL AUTO INFO - executing Renew2 table
2021-05-03 11:02:51,855 - GW_IPM_RENRATIO REGIONAL AUTO INFO - Table RENEW2 created successfully with 8446 records.
2021-05-03 11:02:51,855 - GW_IPM_RENRATIO REGIONAL AUTO INFO - Sqlite working DB connection is closed.
2021-05-03 11:02:51,951 - GW_IPM_RENRATIO REGIONAL AUTO INFO - There were total 8446 records read from table:Renew2.
2021-05-03 11:02:51,957 - GW_IPM_RENRATIO REGIONAL AUTO INFO - ***Renew2 created successfully with 8446 records
2021-05-03 11:02:52,940 - GW_IPM_RENRATIO REGIONAL AUTO INFO - ***There were total 60900 records read from table:Renew6.
2021-05-03 11:02:53,205 - GW_IPM_RENRATIO REGIONAL AUTO INFO - Table HHLD1 created successfully with 32661 records and 31 columns.
2021-05-03 11:02:55,319 - GW_IPM_RENRATIO REGIONAL AUTO INFO - There were total 359695 records read from table:driver202102.
2021-05-03 11:02:55,319 - GW_IPM_RENRATIO REGIONAL AUTO INFO - Table DRIVER202102 created successfully with 359695 records and 43 columns.
2021-05-03 11:03:10,386 - GW_IPM_RENRATIO REGIONAL AUTO INFO - There were total 359695 records read from table:driver.
2021-05-03 11:03:10,674 - GW_IPM_RENRATIO REGIONAL AUTO INFO - driver created successfully with 359695 records
2021-05-03 11:03:14,403 - GW_IPM_RENRATIO REGIONAL AUTO INFO - There were total 310973 records read from table:drivergenii202102.
2021-05-03 11:03:14,403 - GW_IPM_RENRATIO REGIONAL AUTO INFO - Table DRIVERGENII202102 created successfully with 310973 records and 72 columns.
2021-05-03 11:03:23,658 - GW_IPM_RENRATIO REGIONAL AUTO INFO - There were total 359695 records read from table:driver.
2021-05-03 11:03:35,884 - GW_IPM_RENRATIO REGIONAL AUTO INFO - There were total 310973 records read from table:drivergenii.
2021-05-03 11:03:39,740 - GW_IPM_RENRATIO REGIONAL AUTO INFO - driver created successfully with 627923 records
2021-05-03 11:03:42,840 - GW_IPM_RENRATIO REGIONAL AUTO INFO - There were total 627923 records read from table:driver.
2021-05-03 11:03:43,040 - GW_IPM_RENRATIO REGIONAL AUTO INFO - Table DRIVER created successfully with 199969 records and 9 columns.
2021-05-03 11:03:47,958 - GW_IPM_RENRATIO REGIONAL AUTO INFO - There were total 57047 records read from table:inforce202102.
2021-05-03 11:03:47,998 - GW_IPM_RENRATIO REGIONAL AUTO INFO - termincep created successfully with 57047 records
2021-05-03 11:04:36,515 - GW_IPM_RENRATIO REGIONAL AUTO INFO - termincep created successfully with 378172 records
2021-05-03 11:04:37,972 - GW_IPM_RENRATIO REGIONAL AUTO INFO - There were total 378172 records read from table:termincep.
2021-05-03 11:04:38,120 - GW_IPM_RENRATIO REGIONAL AUTO INFO - Table TERMINCEP created successfully with 199990 records and 5 columns.
2021-05-03 11:04:39,323 - GW_IPM_RENRATIO REGIONAL AUTO INFO - Connected to SQLite temporary work DB
2021-05-03 11:04:39,323 - GW_IPM_RENRATIO REGIONAL AUTO INFO - executing Hhld2 table
2021-05-03 11:04:39,798 - GW_IPM_RENRATIO REGIONAL AUTO INFO - Table HHLD2 created successfully with 32661 records.
2021-05-03 11:04:39,798 - GW_IPM_RENRATIO REGIONAL AUTO INFO - Sqlite working DB connection is closed.
2021-05-03 11:04:40,241 - GW_IPM_RENRATIO REGIONAL AUTO INFO - There were total 32661 records read from table:Hhld2.
2021-05-03 11:04:40,547 - GW_IPM_RENRATIO REGIONAL AUTO INFO - Inf202102 created successfully with 32661 records
2021-05-03 11:04:41,953 - GW_IPM_RENRATIO REGIONAL AUTO INFO - There were total 32661 records read from table:Inf202012.
2021-05-03 11:04:42,195 - GW_IPM_RENRATIO REGIONAL AUTO INFO - Inf202012 created successfully with 32661 records
2021-05-03 11:04:43,483 - GW_IPM_RENRATIO REGIONAL AUTO INFO - There were total 32661 records read from table:Inf202012.







2021-05-04 00:12:52,175 - GW_IPM_RENRATIO REGIONAL AUTO INFO - Execution python script started.
2021-05-04 00:12:52,176 - GW_IPM_RENRATIO REGIONAL AUTO INFO - Imported all necessary python modules.
2021-05-04 00:12:52,176 - GW_IPM_RENRATIO REGIONAL AUTO INFO - Sqlite3 temporary work DB set up completed.
2021-05-04 00:12:52,176 - GW_IPM_RENRATIO REGIONAL AUTO INFO - Global dictionary initiated to resolve SAS macro varaibles.
2021-05-04 00:12:52,888 - GW_IPM_RENRATIO REGIONAL AUTO INFO - There were total 57892 records read from table:inforce202101.
2021-05-04 00:12:52,888 - GW_IPM_RENRATIO REGIONAL AUTO INFO - Table INFORCE202101 created successfully with 57892 records and 117 columns.
2021-05-04 00:12:59,223 - GW_IPM_RENRATIO REGIONAL AUTO INFO - There were total 57892 records read from table:inforce.
2021-05-04 00:12:59,345 - GW_IPM_RENRATIO REGIONAL AUTO INFO - inforceG1 created successfully with 57892 records
2021-05-04 00:13:07,602 - GW_IPM_RENRATIO REGIONAL AUTO INFO - There were total 325790 records read from table:inforcegenii202101.
2021-05-04 00:13:07,603 - GW_IPM_RENRATIO REGIONAL AUTO INFO - Table INFORCEGENII202101 created successfully with 325790 records and 213 columns.
2021-05-04 00:14:18,852 - GW_IPM_RENRATIO REGIONAL AUTO INFO - There were total 325790 records read from table:inforcegenii.
2021-05-04 00:14:19,946 - GW_IPM_RENRATIO REGIONAL AUTO INFO - inforceG2 name created successfully with 325790 records
2021-05-04 00:14:22,354 - GW_IPM_RENRATIO REGIONAL AUTO INFO - InfRen202101 created successfully with 383682 records
2021-05-04 00:14:24,196 - GW_IPM_RENRATIO REGIONAL AUTO INFO - There were total 57047 records read from table:inforce202102.
2021-05-04 00:14:24,197 - GW_IPM_RENRATIO REGIONAL AUTO INFO - Table INFORCE202102 created successfully with 57047 records and 117 columns.
2021-05-04 00:14:30,232 - GW_IPM_RENRATIO REGIONAL AUTO INFO - There were total 57047 records read from table:inforce.
2021-05-04 00:14:30,351 - GW_IPM_RENRATIO REGIONAL AUTO INFO - inforceG1 created successfully with 57047 records
2021-05-04 00:14:37,547 - GW_IPM_RENRATIO REGIONAL AUTO INFO - There were total 321125 records read from table:inforcegenii202102.
2021-05-04 00:14:37,548 - GW_IPM_RENRATIO REGIONAL AUTO INFO - Table INFORCEGENII202102 created successfully with 321125 records and 213 columns.
2021-05-04 00:15:47,106 - GW_IPM_RENRATIO REGIONAL AUTO INFO - There were total 321125 records read from table:inforcegenii.
2021-05-04 00:15:48,147 - GW_IPM_RENRATIO REGIONAL AUTO INFO - inforceG2 name created successfully with 321125 records
2021-05-04 00:15:50,488 - GW_IPM_RENRATIO REGIONAL AUTO INFO - InfRen202102 created successfully with 378172 records
2021-05-04 00:15:52,349 - GW_IPM_RENRATIO REGIONAL AUTO INFO - There were total 58808 records read from table:inforce202012.
2021-05-04 00:15:52,349 - GW_IPM_RENRATIO REGIONAL AUTO INFO - Table INFORCE202012 created successfully with 58808 records and 117 columns.
2021-05-04 00:15:58,731 - GW_IPM_RENRATIO REGIONAL AUTO INFO - There were total 58808 records read from table:inforce202012.
2021-05-04 00:15:58,767 - GW_IPM_RENRATIO REGIONAL AUTO INFO - Gen1 created successfully with 58808 records
2021-05-04 00:15:59,350 - GW_IPM_RENRATIO REGIONAL AUTO INFO - There were total 9442 records read from table:Gen1.
2021-05-04 00:15:59,505 - GW_IPM_RENRATIO REGIONAL AUTO INFO - Gen1 created successfully with 9442 records
2021-05-04 00:16:07,080 - GW_IPM_RENRATIO REGIONAL AUTO INFO - There were total 330227 records read from table:inforcegenii202012.
2021-05-04 00:16:07,080 - GW_IPM_RENRATIO REGIONAL AUTO INFO - Table INFORCEGENII202012 created successfully with 330227 records and 213 columns.
2021-05-04 00:17:18,473 - GW_IPM_RENRATIO REGIONAL AUTO INFO - There were total 330227 records read from table:inforcegenii202012.
2021-05-04 00:17:20,158 - GW_IPM_RENRATIO REGIONAL AUTO INFO - Gen2 created successfully with 330227 records
2021-05-04 00:18:00,062 - GW_IPM_RENRATIO REGIONAL AUTO INFO - There were total 51458 records read from table:Gen2.
2021-05-04 00:18:02,769 - GW_IPM_RENRATIO REGIONAL AUTO INFO - Gen2 created successfully with 51458 records
2021-05-04 00:18:07,955 - GW_IPM_RENRATIO REGIONAL AUTO INFO - Renew1 created successfully with 60900 records
2021-05-04 00:18:08,623 - GW_IPM_RENRATIO REGIONAL AUTO INFO - There were total 33050 records read from table:agent.
2021-05-04 00:18:08,623 - GW_IPM_RENRATIO REGIONAL AUTO INFO - Table AGENT created successfully with 33050 records and 14 columns.
2021-05-04 00:18:09,151 - GW_IPM_RENRATIO REGIONAL AUTO INFO - There were total 33050 records read from table:agent202012.
2021-05-04 00:18:09,165 - GW_IPM_RENRATIO REGIONAL AUTO INFO - agent created successfully with 33050 records
2021-05-04 00:18:09,300 - GW_IPM_RENRATIO REGIONAL AUTO INFO - Connected to SQLite temporary work DB
2021-05-04 00:18:09,300 - GW_IPM_RENRATIO REGIONAL AUTO INFO - executing Renew2 table
2021-05-04 00:18:09,451 - GW_IPM_RENRATIO REGIONAL AUTO INFO - Table RENEW2 created successfully with 60900 records.
2021-05-04 00:18:09,451 - GW_IPM_RENRATIO REGIONAL AUTO INFO - Sqlite working DB connection is closed.
2021-05-04 00:18:10,206 - GW_IPM_RENRATIO REGIONAL AUTO INFO - There were total 60900 records read from table:Renew2.
2021-05-04 00:18:10,231 - GW_IPM_RENRATIO REGIONAL AUTO INFO - Renew2 created successfully with 60900 records
2021-05-04 00:18:12,073 - GW_IPM_RENRATIO REGIONAL AUTO INFO - There were total 383682 records read from table:InfRen202101.
2021-05-04 00:18:12,093 - GW_IPM_RENRATIO REGIONAL AUTO INFO - InfRenSubset202101 created successfully with 56932 records
2021-05-04 00:18:13,435 - GW_IPM_RENRATIO REGIONAL AUTO INFO - There were total 378172 records read from table:InfRen202102.
2021-05-04 00:18:13,455 - GW_IPM_RENRATIO REGIONAL AUTO INFO - InfRenSubset202102 created successfully with 59671 records
2021-05-04 00:18:13,714 - GW_IPM_RENRATIO REGIONAL AUTO INFO - Connected to SQLite temporary work DB
2021-05-04 00:18:13,714 - GW_IPM_RENRATIO REGIONAL AUTO INFO - executing Renew3 table
2021-05-04 00:18:14,099 - GW_IPM_RENRATIO REGIONAL AUTO INFO - Table RENEW3 created successfully with 60900 records.
2021-05-04 00:18:14,100 - GW_IPM_RENRATIO REGIONAL AUTO INFO - Sqlite working DB connection is closed.
2021-05-04 00:18:14,100 - GW_IPM_RENRATIO REGIONAL AUTO INFO - Connected to SQLite temporary work DB
2021-05-04 00:18:14,100 - GW_IPM_RENRATIO REGIONAL AUTO INFO - executing Renew4 table
2021-05-04 00:18:14,682 - GW_IPM_RENRATIO REGIONAL AUTO INFO - Table RENEW4 created successfully with 60900 records.
2021-05-04 00:18:14,682 - GW_IPM_RENRATIO REGIONAL AUTO INFO - Sqlite working DB connection is closed.
2021-05-04 00:18:15,641 - GW_IPM_RENRATIO REGIONAL AUTO INFO - There were total 60900 records read from table:Renew4.
2021-05-04 00:18:15,763 - GW_IPM_RENRATIO REGIONAL AUTO INFO - Renew6 created successfully with 60900 records
2021-05-04 00:18:17,374 - GW_IPM_RENRATIO REGIONAL AUTO INFO - There were total 60900 records read from table:Renew6.
2021-05-04 00:18:17,626 - GW_IPM_RENRATIO REGIONAL AUTO INFO - Table HHLD1 created successfully with 32661 records and 31 columns.
2021-05-04 00:18:19,658 - GW_IPM_RENRATIO REGIONAL AUTO INFO - There were total 379635 records read from table:driver202012.
2021-05-04 00:18:19,658 - GW_IPM_RENRATIO REGIONAL AUTO INFO - Table DRIVER202012 created successfully with 379635 records and 43 columns.
2021-05-04 00:18:33,904 - GW_IPM_RENRATIO REGIONAL AUTO INFO - There were total 379635 records read from table:driver.
2021-05-04 00:18:34,154 - GW_IPM_RENRATIO REGIONAL AUTO INFO - driver created successfully with 379635 records
2021-05-04 00:18:37,801 - GW_IPM_RENRATIO REGIONAL AUTO INFO - There were total 319883 records read from table:drivergenii202012.
2021-05-04 00:18:37,801 - GW_IPM_RENRATIO REGIONAL AUTO INFO - Table DRIVERGENII202012 created successfully with 319883 records and 72 columns.
2021-05-04 00:18:46,974 - GW_IPM_RENRATIO REGIONAL AUTO INFO - There were total 379635 records read from table:driver.
2021-05-04 00:18:58,743 - GW_IPM_RENRATIO REGIONAL AUTO INFO - There were total 319883 records read from table:drivergenii.
2021-05-04 00:19:02,684 - GW_IPM_RENRATIO REGIONAL AUTO INFO - driver created successfully with 654718 records
2021-05-04 00:19:05,865 - GW_IPM_RENRATIO REGIONAL AUTO INFO - There were total 654718 records read from table:driver.
2021-05-04 00:19:06,066 - GW_IPM_RENRATIO REGIONAL AUTO INFO - Table DRIVER created successfully with 210529 records and 9 columns.
2021-05-04 00:19:11,259 - GW_IPM_RENRATIO REGIONAL AUTO INFO - There were total 58808 records read from table:inforce202012.
2021-05-04 00:19:11,296 - GW_IPM_RENRATIO REGIONAL AUTO INFO - termincep created successfully with 58808 records
2021-05-04 00:19:57,150 - GW_IPM_RENRATIO REGIONAL AUTO INFO - termincep created successfully with 389035 records
2021-05-04 00:19:58,618 - GW_IPM_RENRATIO REGIONAL AUTO INFO - There were total 389035 records read from table:termincep.
2021-05-04 00:19:58,765 - GW_IPM_RENRATIO REGIONAL AUTO INFO - Table TERMINCEP created successfully with 205871 records and 5 columns.
2021-05-04 00:19:59,988 - GW_IPM_RENRATIO REGIONAL AUTO INFO - Connected to SQLite temporary work DB
2021-05-04 00:19:59,988 - GW_IPM_RENRATIO REGIONAL AUTO INFO - executing Hhld2 table
2021-05-04 00:20:00,456 - GW_IPM_RENRATIO REGIONAL AUTO INFO - Table HHLD2 created successfully with 32661 records.
2021-05-04 00:20:00,456 - GW_IPM_RENRATIO REGIONAL AUTO INFO - Sqlite working DB connection is closed.
2021-05-04 00:20:00,877 - GW_IPM_RENRATIO REGIONAL AUTO INFO - There were total 32661 records read from table:Hhld2.
2021-05-04 00:20:01,169 - GW_IPM_RENRATIO REGIONAL AUTO INFO - Inf202012 created successfully with 32661 records
2021-05-04 00:20:02,786 - GW_IPM_RENRATIO REGIONAL AUTO INFO - There were total 57892 records read from table:inforce202101.
2021-05-04 00:20:02,787 - GW_IPM_RENRATIO REGIONAL AUTO INFO - Table INFORCE202101 created successfully with 57892 records and 117 columns.
2021-05-04 00:20:08,874 - GW_IPM_RENRATIO REGIONAL AUTO INFO - There were total 57892 records read from table:inforce202101.
2021-05-04 00:20:08,908 - GW_IPM_RENRATIO REGIONAL AUTO INFO - Gen1 created successfully with 57892 records
2021-05-04 00:20:09,540 - GW_IPM_RENRATIO REGIONAL AUTO INFO - There were total 9839 records read from table:Gen1.
2021-05-04 00:20:09,700 - GW_IPM_RENRATIO REGIONAL AUTO INFO - Gen1 created successfully with 9839 records
2021-05-04 00:20:17,433 - GW_IPM_RENRATIO REGIONAL AUTO INFO - There were total 325790 records read from table:inforcegenii202101.
2021-05-04 00:20:17,433 - GW_IPM_RENRATIO REGIONAL AUTO INFO - Table INFORCEGENII202101 created successfully with 325790 records and 213 columns.
2021-05-04 00:21:28,370 - GW_IPM_RENRATIO REGIONAL AUTO INFO - There were total 325790 records read from table:inforcegenii202101.
2021-05-04 00:21:29,955 - GW_IPM_RENRATIO REGIONAL AUTO INFO - Gen2 created successfully with 325790 records
2021-05-04 00:22:09,308 - GW_IPM_RENRATIO REGIONAL AUTO INFO - There were total 56408 records read from table:Gen2.
2021-05-04 00:22:12,189 - GW_IPM_RENRATIO REGIONAL AUTO INFO - Gen2 created successfully with 56408 records
2021-05-04 00:22:17,888 - GW_IPM_RENRATIO REGIONAL AUTO INFO - Renew1 created successfully with 66247 records
2021-05-04 00:22:18,724 - GW_IPM_RENRATIO REGIONAL AUTO INFO - There were total 33195 records read from table:agent.
2021-05-04 00:22:18,724 - GW_IPM_RENRATIO REGIONAL AUTO INFO - Table AGENT created successfully with 33195 records and 14 columns.
2021-05-04 00:22:19,246 - GW_IPM_RENRATIO REGIONAL AUTO INFO - There were total 33195 records read from table:agent202101.
2021-05-04 00:22:19,259 - GW_IPM_RENRATIO REGIONAL AUTO INFO - agent created successfully with 33195 records
2021-05-04 00:22:19,397 - GW_IPM_RENRATIO REGIONAL AUTO INFO - Connected to SQLite temporary work DB
2021-05-04 00:22:19,397 - GW_IPM_RENRATIO REGIONAL AUTO INFO - executing Renew2 table
2021-05-04 00:22:19,660 - GW_IPM_RENRATIO REGIONAL AUTO INFO - Table RENEW2 created successfully with 66247 records.
2021-05-04 00:22:19,660 - GW_IPM_RENRATIO REGIONAL AUTO INFO - Sqlite working DB connection is closed.
2021-05-04 00:22:20,485 - GW_IPM_RENRATIO REGIONAL AUTO INFO - There were total 66247 records read from table:Renew2.
2021-05-04 00:22:20,514 - GW_IPM_RENRATIO REGIONAL AUTO INFO - Renew2 created successfully with 66247 records
2021-05-04 00:22:22,392 - GW_IPM_RENRATIO REGIONAL AUTO INFO - There were total 378172 records read from table:InfRen202102.
2021-05-04 00:22:22,413 - GW_IPM_RENRATIO REGIONAL AUTO INFO - InfRenSubset202102 created successfully with 57845 records
2021-05-04 00:22:22,661 - GW_IPM_RENRATIO REGIONAL AUTO INFO - Connected to SQLite temporary work DB
2021-05-04 00:22:22,661 - GW_IPM_RENRATIO REGIONAL AUTO INFO - executing Renew3 table
2021-05-04 00:22:22,925 - GW_IPM_RENRATIO REGIONAL AUTO INFO - Table RENEW3 created successfully with 66247 records.
2021-05-04 00:22:22,926 - GW_IPM_RENRATIO REGIONAL AUTO INFO - Sqlite working DB connection is closed.
2021-05-04 00:22:22,926 - GW_IPM_RENRATIO REGIONAL AUTO INFO - Connected to SQLite temporary work DB
2021-05-04 00:22:22,926 - GW_IPM_RENRATIO REGIONAL AUTO INFO - executing Renew4 table
2021-05-04 00:22:23,211 - GW_IPM_RENRATIO REGIONAL AUTO INFO - Table RENEW4 created successfully with 66247 records.
2021-05-04 00:22:23,211 - GW_IPM_RENRATIO REGIONAL AUTO INFO - Sqlite working DB connection is closed.
2021-05-04 00:22:24,126 - GW_IPM_RENRATIO REGIONAL AUTO INFO - There were total 66247 records read from table:Renew4.
2021-05-04 00:22:24,203 - GW_IPM_RENRATIO REGIONAL AUTO INFO - Renew6 created successfully with 66247 records
2021-05-04 00:22:25,903 - GW_IPM_RENRATIO REGIONAL AUTO INFO - There were total 66247 records read from table:Renew6.
2021-05-04 00:22:26,176 - GW_IPM_RENRATIO REGIONAL AUTO INFO - Table HHLD1 created successfully with 34904 records and 31 columns.
2021-05-04 00:22:28,316 - GW_IPM_RENRATIO REGIONAL AUTO INFO - There were total 365044 records read from table:driver202101.
2021-05-04 00:22:28,317 - GW_IPM_RENRATIO REGIONAL AUTO INFO - Table DRIVER202101 created successfully with 365044 records and 43 columns.
2021-05-04 00:22:42,093 - GW_IPM_RENRATIO REGIONAL AUTO INFO - There were total 365044 records read from table:driver.
2021-05-04 00:22:42,339 - GW_IPM_RENRATIO REGIONAL AUTO INFO - driver created successfully with 365044 records
2021-05-04 00:22:46,104 - GW_IPM_RENRATIO REGIONAL AUTO INFO - There were total 315564 records read from table:drivergenii202101.
2021-05-04 00:22:46,104 - GW_IPM_RENRATIO REGIONAL AUTO INFO - Table DRIVERGENII202101 created successfully with 315564 records and 72 columns.
2021-05-04 00:22:55,118 - GW_IPM_RENRATIO REGIONAL AUTO INFO - There were total 365044 records read from table:driver.
2021-05-04 00:23:06,530 - GW_IPM_RENRATIO REGIONAL AUTO INFO - There were total 315564 records read from table:drivergenii.
2021-05-04 00:23:10,388 - GW_IPM_RENRATIO REGIONAL AUTO INFO - driver created successfully with 637066 records
2021-05-04 00:23:13,509 - GW_IPM_RENRATIO REGIONAL AUTO INFO - There were total 637066 records read from table:driver.
2021-05-04 00:23:13,702 - GW_IPM_RENRATIO REGIONAL AUTO INFO - Table DRIVER created successfully with 202918 records and 9 columns.
2021-05-04 00:23:18,808 - GW_IPM_RENRATIO REGIONAL AUTO INFO - There were total 57892 records read from table:inforce202101.
2021-05-04 00:23:18,847 - GW_IPM_RENRATIO REGIONAL AUTO INFO - termincep created successfully with 57892 records
2021-05-04 00:24:04,280 - GW_IPM_RENRATIO REGIONAL AUTO INFO - termincep created successfully with 383682 records
2021-05-04 00:24:05,731 - GW_IPM_RENRATIO REGIONAL AUTO INFO - There were total 383682 records read from table:termincep.
2021-05-04 00:24:05,878 - GW_IPM_RENRATIO REGIONAL AUTO INFO - Table TERMINCEP created successfully with 202940 records and 5 columns.
2021-05-04 00:24:07,106 - GW_IPM_RENRATIO REGIONAL AUTO INFO - Connected to SQLite temporary work DB
2021-05-04 00:24:07,107 - GW_IPM_RENRATIO REGIONAL AUTO INFO - executing Hhld2 table
2021-05-04 00:24:07,593 - GW_IPM_RENRATIO REGIONAL AUTO INFO - Table HHLD2 created successfully with 34904 records.
2021-05-04 00:24:07,593 - GW_IPM_RENRATIO REGIONAL AUTO INFO - Sqlite working DB connection is closed.
2021-05-04 00:24:08,063 - GW_IPM_RENRATIO REGIONAL AUTO INFO - There were total 34904 records read from table:Hhld2.
2021-05-04 00:24:08,379 - GW_IPM_RENRATIO REGIONAL AUTO INFO - Inf202101 created successfully with 34904 records
2021-05-04 00:24:09,932 - GW_IPM_RENRATIO REGIONAL AUTO INFO - There were total 57047 records read from table:inforce202102.
2021-05-04 00:24:09,932 - GW_IPM_RENRATIO REGIONAL AUTO INFO - Table INFORCE202102 created successfully with 57047 records and 117 columns.
2021-05-04 00:24:16,081 - GW_IPM_RENRATIO REGIONAL AUTO INFO - There were total 57047 records read from table:inforce202102.
2021-05-04 00:24:16,115 - GW_IPM_RENRATIO REGIONAL AUTO INFO - Gen1 created successfully with 57047 records
2021-05-04 00:24:16,675 - GW_IPM_RENRATIO REGIONAL AUTO INFO - There were total 0 records read from table:Gen1.
2021-05-04 00:24:16,676 - GW_IPM_RENRATIO REGIONAL AUTO INFO - Gen1 created successfully with 0 records
2021-05-04 00:24:23,694 - GW_IPM_RENRATIO REGIONAL AUTO INFO - There were total 321125 records read from table:inforcegenii202102.
2021-05-04 00:24:23,694 - GW_IPM_RENRATIO REGIONAL AUTO INFO - Table INFORCEGENII202102 created successfully with 321125 records and 213 columns.
2021-05-04 00:25:33,795 - GW_IPM_RENRATIO REGIONAL AUTO INFO - There were total 321125 records read from table:inforcegenii202102.
2021-05-04 00:25:35,340 - GW_IPM_RENRATIO REGIONAL AUTO INFO - Gen2 created successfully with 321125 records
2021-05-04 00:26:09,159 - GW_IPM_RENRATIO REGIONAL AUTO INFO - There were total 0 records read from table:Gen2.
2021-05-04 00:26:09,160 - GW_IPM_RENRATIO REGIONAL AUTO INFO - Gen2 created successfully with 0 records
2021-05-04 00:26:12,327 - GW_IPM_RENRATIO REGIONAL AUTO INFO - Renew1 created successfully with 0 records
2021-05-04 00:26:12,612 - GW_IPM_RENRATIO REGIONAL AUTO INFO - There were total 33369 records read from table:agent.
2021-05-04 00:26:12,613 - GW_IPM_RENRATIO REGIONAL AUTO INFO - Table AGENT created successfully with 33369 records and 14 columns.
2021-05-04 00:26:13,161 - GW_IPM_RENRATIO REGIONAL AUTO INFO - There were total 33369 records read from table:agent202102.
2021-05-04 00:26:13,173 - GW_IPM_RENRATIO REGIONAL AUTO INFO - agent created successfully with 33369 records
2021-05-04 00:26:13,313 - GW_IPM_RENRATIO REGIONAL AUTO INFO - Connected to SQLite temporary work DB
2021-05-04 00:26:13,313 - GW_IPM_RENRATIO REGIONAL AUTO INFO - executing Renew2 table
2021-05-04 00:26:13,453 - GW_IPM_RENRATIO REGIONAL AUTO INFO - Table RENEW2 created successfully with None records.
2021-05-04 00:26:13,453 - GW_IPM_RENRATIO REGIONAL AUTO INFO - Sqlite working DB connection is closed.
2021-05-04 00:26:13,467 - GW_IPM_RENRATIO REGIONAL AUTO INFO - There were total 0 records read from table:Renew2.
2021-05-04 00:26:13,467 - GW_IPM_RENRATIO REGIONAL AUTO INFO - Renew2 created successfully with 0 records
2021-05-04 00:26:14,435 - GW_IPM_RENRATIO REGIONAL AUTO INFO - There were total 66247 records read from table:Renew6.
2021-05-04 00:26:14,715 - GW_IPM_RENRATIO REGIONAL AUTO INFO - Table HHLD1 created successfully with 34904 records and 31 columns.
2021-05-04 00:26:17,064 - GW_IPM_RENRATIO REGIONAL AUTO INFO - There were total 359695 records read from table:driver202102.
2021-05-04 00:26:17,064 - GW_IPM_RENRATIO REGIONAL AUTO INFO - Table DRIVER202102 created successfully with 359695 records and 43 columns.
2021-05-04 00:26:31,246 - GW_IPM_RENRATIO REGIONAL AUTO INFO - There were total 359695 records read from table:driver.
2021-05-04 00:26:31,516 - GW_IPM_RENRATIO REGIONAL AUTO INFO - driver created successfully with 359695 records
2021-05-04 00:26:35,134 - GW_IPM_RENRATIO REGIONAL AUTO INFO - There were total 310973 records read from table:drivergenii202102.
2021-05-04 00:26:35,134 - GW_IPM_RENRATIO REGIONAL AUTO INFO - Table DRIVERGENII202102 created successfully with 310973 records and 72 columns.
2021-05-04 00:26:44,428 - GW_IPM_RENRATIO REGIONAL AUTO INFO - There were total 359695 records read from table:driver.
2021-05-04 00:26:56,277 - GW_IPM_RENRATIO REGIONAL AUTO INFO - There were total 310973 records read from table:drivergenii.
2021-05-04 00:27:00,092 - GW_IPM_RENRATIO REGIONAL AUTO INFO - driver created successfully with 627923 records
2021-05-04 00:27:03,396 - GW_IPM_RENRATIO REGIONAL AUTO INFO - There were total 627923 records read from table:driver.
2021-05-04 00:27:03,597 - GW_IPM_RENRATIO REGIONAL AUTO INFO - Table DRIVER created successfully with 199969 records and 9 columns.
2021-05-04 00:27:08,973 - GW_IPM_RENRATIO REGIONAL AUTO INFO - There were total 57047 records read from table:inforce202102.
2021-05-04 00:27:09,017 - GW_IPM_RENRATIO REGIONAL AUTO INFO - termincep created successfully with 57047 records
2021-05-04 00:27:55,534 - GW_IPM_RENRATIO REGIONAL AUTO INFO - termincep created successfully with 378172 records
2021-05-04 00:27:56,995 - GW_IPM_RENRATIO REGIONAL AUTO INFO - There were total 378172 records read from table:termincep.
2021-05-04 00:27:57,148 - GW_IPM_RENRATIO REGIONAL AUTO INFO - Table TERMINCEP created successfully with 199990 records and 5 columns.
2021-05-04 00:27:58,407 - GW_IPM_RENRATIO REGIONAL AUTO INFO - Connected to SQLite temporary work DB
2021-05-04 00:27:58,407 - GW_IPM_RENRATIO REGIONAL AUTO INFO - executing Hhld2 table
2021-05-04 00:27:58,905 - GW_IPM_RENRATIO REGIONAL AUTO INFO - Table HHLD2 created successfully with 34904 records.
2021-05-04 00:27:58,905 - GW_IPM_RENRATIO REGIONAL AUTO INFO - Sqlite working DB connection is closed.
2021-05-04 00:27:59,417 - GW_IPM_RENRATIO REGIONAL AUTO INFO - There were total 34904 records read from table:Hhld2.
2021-05-04 00:27:59,787 - GW_IPM_RENRATIO REGIONAL AUTO INFO - Inf202102 created successfully with 34904 records
2021-05-04 00:28:01,239 - GW_IPM_RENRATIO REGIONAL AUTO INFO - There were total 32661 records read from table:Inf202012.
2021-05-04 00:28:01,473 - GW_IPM_RENRATIO REGIONAL AUTO INFO - Inf202012 created successfully with 32661 records
2021-05-04 00:28:02,830 - GW_IPM_RENRATIO REGIONAL AUTO INFO - There were total 32661 records read from table:Inf202012.
2021-05-04 00:28:05,788 - GW_IPM_RENRATIO REGIONAL AUTO INFO - Table SUMMARYPREMIER created successfully with 148 records and 4 columns.
2021-05-04 00:28:05,863 - GW_IPM_RENRATIO REGIONAL AUTO INFO - There were total 148 records read from table:summaryPremier.







2021-05-04 06:13:40,006 - GW_IPM_RENRATIO REGIONAL AUTO INFO - Execution python script started.
2021-05-04 06:13:40,006 - GW_IPM_RENRATIO REGIONAL AUTO INFO - Imported all necessary python modules.
2021-05-04 06:13:40,006 - GW_IPM_RENRATIO REGIONAL AUTO INFO - Sqlite3 temporary work DB set up completed.
2021-05-04 06:13:40,006 - GW_IPM_RENRATIO REGIONAL AUTO INFO - Global dictionary initiated to resolve SAS macro varaibles.
2021-05-04 06:13:40,742 - GW_IPM_RENRATIO REGIONAL AUTO INFO - There were total 57892 records read from table:inforce202101.
2021-05-04 06:13:40,742 - GW_IPM_RENRATIO REGIONAL AUTO INFO - Table INFORCE202101 created successfully with 57892 records and 117 columns.
2021-05-04 06:13:47,606 - GW_IPM_RENRATIO REGIONAL AUTO INFO - There were total 57892 records read from table:inforce.
2021-05-04 06:13:47,737 - GW_IPM_RENRATIO REGIONAL AUTO INFO - inforceG1 created successfully with 57892 records
2021-05-04 06:13:56,816 - GW_IPM_RENRATIO REGIONAL AUTO INFO - There were total 325790 records read from table:inforcegenii202101.
2021-05-04 06:13:56,817 - GW_IPM_RENRATIO REGIONAL AUTO INFO - Table INFORCEGENII202101 created successfully with 325790 records and 213 columns.
2021-05-04 06:15:11,021 - GW_IPM_RENRATIO REGIONAL AUTO INFO - There were total 325790 records read from table:inforcegenii.
2021-05-04 06:15:12,239 - GW_IPM_RENRATIO REGIONAL AUTO INFO - inforceG2 name created successfully with 325790 records
2021-05-04 06:15:14,877 - GW_IPM_RENRATIO REGIONAL AUTO INFO - InfRen202101 created successfully with 383682 records
2021-05-04 06:15:16,827 - GW_IPM_RENRATIO REGIONAL AUTO INFO - There were total 57047 records read from table:inforce202102.
2021-05-04 06:15:16,827 - GW_IPM_RENRATIO REGIONAL AUTO INFO - Table INFORCE202102 created successfully with 57047 records and 117 columns.
2021-05-04 06:15:23,597 - GW_IPM_RENRATIO REGIONAL AUTO INFO - There were total 57047 records read from table:inforce.
2021-05-04 06:15:23,726 - GW_IPM_RENRATIO REGIONAL AUTO INFO - inforceG1 created successfully with 57047 records
2021-05-04 06:15:32,161 - GW_IPM_RENRATIO REGIONAL AUTO INFO - There were total 321125 records read from table:inforcegenii202102.
2021-05-04 06:15:32,162 - GW_IPM_RENRATIO REGIONAL AUTO INFO - Table INFORCEGENII202102 created successfully with 321125 records and 213 columns.
2021-05-04 06:16:45,254 - GW_IPM_RENRATIO REGIONAL AUTO INFO - There were total 321125 records read from table:inforcegenii.
2021-05-04 06:16:46,416 - GW_IPM_RENRATIO REGIONAL AUTO INFO - inforceG2 name created successfully with 321125 records
2021-05-04 06:16:48,972 - GW_IPM_RENRATIO REGIONAL AUTO INFO - InfRen202102 created successfully with 378172 records
2021-05-04 06:16:50,991 - GW_IPM_RENRATIO REGIONAL AUTO INFO - There were total 58808 records read from table:inforce202012.
2021-05-04 06:16:50,991 - GW_IPM_RENRATIO REGIONAL AUTO INFO - Table INFORCE202012 created successfully with 58808 records and 117 columns.
2021-05-04 06:16:57,936 - GW_IPM_RENRATIO REGIONAL AUTO INFO - There were total 58808 records read from table:inforce202012.
2021-05-04 06:16:57,976 - GW_IPM_RENRATIO REGIONAL AUTO INFO - Gen1 created successfully with 58808 records
2021-05-04 06:16:58,596 - GW_IPM_RENRATIO REGIONAL AUTO INFO - There were total 9442 records read from table:Gen1.
2021-05-04 06:16:58,764 - GW_IPM_RENRATIO REGIONAL AUTO INFO - Gen1 created successfully with 9442 records
2021-05-04 06:17:07,535 - GW_IPM_RENRATIO REGIONAL AUTO INFO - There were total 330227 records read from table:inforcegenii202012.
2021-05-04 06:17:07,535 - GW_IPM_RENRATIO REGIONAL AUTO INFO - Table INFORCEGENII202012 created successfully with 330227 records and 213 columns.
2021-05-04 06:18:28,802 - GW_IPM_RENRATIO REGIONAL AUTO INFO - There were total 330227 records read from table:inforcegenii202012.
2021-05-04 06:18:31,548 - GW_IPM_RENRATIO REGIONAL AUTO INFO - Gen2 created successfully with 330227 records
2021-05-04 06:19:16,924 - GW_IPM_RENRATIO REGIONAL AUTO INFO - There were total 51458 records read from table:Gen2.
2021-05-04 06:19:19,900 - GW_IPM_RENRATIO REGIONAL AUTO INFO - Gen2 created successfully with 51458 records
2021-05-04 06:19:25,636 - GW_IPM_RENRATIO REGIONAL AUTO INFO - Renew1 created successfully with 60900 records
2021-05-04 06:19:26,335 - GW_IPM_RENRATIO REGIONAL AUTO INFO - There were total 33050 records read from table:agent.
2021-05-04 06:19:26,335 - GW_IPM_RENRATIO REGIONAL AUTO INFO - Table AGENT created successfully with 33050 records and 14 columns.
2021-05-04 06:19:26,896 - GW_IPM_RENRATIO REGIONAL AUTO INFO - There were total 33050 records read from table:agent202012.
2021-05-04 06:19:26,909 - GW_IPM_RENRATIO REGIONAL AUTO INFO - agent created successfully with 33050 records
2021-05-04 06:19:27,059 - GW_IPM_RENRATIO REGIONAL AUTO INFO - Connected to SQLite temporary work DB
2021-05-04 06:19:27,059 - GW_IPM_RENRATIO REGIONAL AUTO INFO - executing Renew2 table
2021-05-04 06:19:27,199 - GW_IPM_RENRATIO REGIONAL AUTO INFO - Table RENEW2 created successfully with 60900 records.
2021-05-04 06:19:27,199 - GW_IPM_RENRATIO REGIONAL AUTO INFO - Sqlite working DB connection is closed.
2021-05-04 06:19:28,020 - GW_IPM_RENRATIO REGIONAL AUTO INFO - There were total 60900 records read from table:Renew2.
2021-05-04 06:19:28,050 - GW_IPM_RENRATIO REGIONAL AUTO INFO - Renew2 created successfully with 60900 records
2021-05-04 06:19:29,957 - GW_IPM_RENRATIO REGIONAL AUTO INFO - There were total 383682 records read from table:InfRen202101.
2021-05-04 06:19:29,981 - GW_IPM_RENRATIO REGIONAL AUTO INFO - InfRenSubset202101 created successfully with 56932 records
2021-05-04 06:19:31,426 - GW_IPM_RENRATIO REGIONAL AUTO INFO - There were total 378172 records read from table:InfRen202102.
2021-05-04 06:19:31,452 - GW_IPM_RENRATIO REGIONAL AUTO INFO - InfRenSubset202102 created successfully with 59671 records
2021-05-04 06:19:31,756 - GW_IPM_RENRATIO REGIONAL AUTO INFO - Connected to SQLite temporary work DB
2021-05-04 06:19:31,756 - GW_IPM_RENRATIO REGIONAL AUTO INFO - executing Renew3 table
2021-05-04 06:19:32,128 - GW_IPM_RENRATIO REGIONAL AUTO INFO - Table RENEW3 created successfully with 60900 records.
2021-05-04 06:19:32,128 - GW_IPM_RENRATIO REGIONAL AUTO INFO - Sqlite working DB connection is closed.
2021-05-04 06:19:32,128 - GW_IPM_RENRATIO REGIONAL AUTO INFO - Connected to SQLite temporary work DB
2021-05-04 06:19:32,129 - GW_IPM_RENRATIO REGIONAL AUTO INFO - executing Renew4 table
2021-05-04 06:19:32,561 - GW_IPM_RENRATIO REGIONAL AUTO INFO - Table RENEW4 created successfully with 60900 records.
2021-05-04 06:19:32,562 - GW_IPM_RENRATIO REGIONAL AUTO INFO - Sqlite working DB connection is closed.
2021-05-04 06:19:33,656 - GW_IPM_RENRATIO REGIONAL AUTO INFO - There were total 60900 records read from table:Renew4.
2021-05-04 06:19:33,797 - GW_IPM_RENRATIO REGIONAL AUTO INFO - Renew6 created successfully with 60900 records
2021-05-04 06:19:35,551 - GW_IPM_RENRATIO REGIONAL AUTO INFO - There were total 60900 records read from table:Renew6.
2021-05-04 06:19:35,855 - GW_IPM_RENRATIO REGIONAL AUTO INFO - Table HHLD1 created successfully with 32661 records and 31 columns.
2021-05-04 06:19:38,227 - GW_IPM_RENRATIO REGIONAL AUTO INFO - There were total 379635 records read from table:driver202012.
2021-05-04 06:19:38,227 - GW_IPM_RENRATIO REGIONAL AUTO INFO - Table DRIVER202012 created successfully with 379635 records and 43 columns.
2021-05-04 06:19:53,063 - GW_IPM_RENRATIO REGIONAL AUTO INFO - There were total 379635 records read from table:driver.
2021-05-04 06:19:53,352 - GW_IPM_RENRATIO REGIONAL AUTO INFO - driver created successfully with 379635 records
2021-05-04 06:19:57,293 - GW_IPM_RENRATIO REGIONAL AUTO INFO - There were total 319883 records read from table:drivergenii202012.
2021-05-04 06:19:57,293 - GW_IPM_RENRATIO REGIONAL AUTO INFO - Table DRIVERGENII202012 created successfully with 319883 records and 72 columns.
2021-05-04 06:20:06,899 - GW_IPM_RENRATIO REGIONAL AUTO INFO - There were total 379635 records read from table:driver.
2021-05-04 06:20:19,106 - GW_IPM_RENRATIO REGIONAL AUTO INFO - There were total 319883 records read from table:drivergenii.
2021-05-04 06:20:23,235 - GW_IPM_RENRATIO REGIONAL AUTO INFO - driver created successfully with 654718 records
2021-05-04 06:20:26,496 - GW_IPM_RENRATIO REGIONAL AUTO INFO - There were total 654718 records read from table:driver.
2021-05-04 06:20:26,707 - GW_IPM_RENRATIO REGIONAL AUTO INFO - Table DRIVER created successfully with 210529 records and 9 columns.
2021-05-04 06:20:32,476 - GW_IPM_RENRATIO REGIONAL AUTO INFO - There were total 58808 records read from table:inforce202012.
2021-05-04 06:20:32,520 - GW_IPM_RENRATIO REGIONAL AUTO INFO - termincep created successfully with 58808 records
2021-05-04 06:21:21,971 - GW_IPM_RENRATIO REGIONAL AUTO INFO - termincep created successfully with 389035 records
2021-05-04 06:21:23,478 - GW_IPM_RENRATIO REGIONAL AUTO INFO - There were total 389035 records read from table:termincep.
2021-05-04 06:21:23,636 - GW_IPM_RENRATIO REGIONAL AUTO INFO - Table TERMINCEP created successfully with 205871 records and 5 columns.
2021-05-04 06:21:24,920 - GW_IPM_RENRATIO REGIONAL AUTO INFO - Connected to SQLite temporary work DB
2021-05-04 06:21:24,920 - GW_IPM_RENRATIO REGIONAL AUTO INFO - executing Hhld2 table
2021-05-04 06:21:25,403 - GW_IPM_RENRATIO REGIONAL AUTO INFO - Table HHLD2 created successfully with 32661 records.
2021-05-04 06:21:25,403 - GW_IPM_RENRATIO REGIONAL AUTO INFO - Sqlite working DB connection is closed.
2021-05-04 06:21:25,890 - GW_IPM_RENRATIO REGIONAL AUTO INFO - There were total 32661 records read from table:Hhld2.
2021-05-04 06:21:26,205 - GW_IPM_RENRATIO REGIONAL AUTO INFO - Inf202012 created successfully with 32661 records
2021-05-04 06:21:28,010 - GW_IPM_RENRATIO REGIONAL AUTO INFO - There were total 57892 records read from table:inforce202101.
2021-05-04 06:21:28,010 - GW_IPM_RENRATIO REGIONAL AUTO INFO - Table INFORCE202101 created successfully with 57892 records and 117 columns.
2021-05-04 06:21:34,756 - GW_IPM_RENRATIO REGIONAL AUTO INFO - There were total 57892 records read from table:inforce202101.
2021-05-04 06:21:34,795 - GW_IPM_RENRATIO REGIONAL AUTO INFO - Gen1 created successfully with 57892 records
2021-05-04 06:21:35,460 - GW_IPM_RENRATIO REGIONAL AUTO INFO - There were total 9839 records read from table:Gen1.
2021-05-04 06:21:35,623 - GW_IPM_RENRATIO REGIONAL AUTO INFO - Gen1 created successfully with 9839 records
2021-05-04 06:21:43,839 - GW_IPM_RENRATIO REGIONAL AUTO INFO - There were total 325790 records read from table:inforcegenii202101.
2021-05-04 06:21:43,839 - GW_IPM_RENRATIO REGIONAL AUTO INFO - Table INFORCEGENII202101 created successfully with 325790 records and 213 columns.
2021-05-04 06:22:57,020 - GW_IPM_RENRATIO REGIONAL AUTO INFO - There were total 325790 records read from table:inforcegenii202101.
2021-05-04 06:22:58,728 - GW_IPM_RENRATIO REGIONAL AUTO INFO - Gen2 created successfully with 325790 records
2021-05-04 06:23:41,031 - GW_IPM_RENRATIO REGIONAL AUTO INFO - There were total 56408 records read from table:Gen2.
2021-05-04 06:23:44,227 - GW_IPM_RENRATIO REGIONAL AUTO INFO - Gen2 created successfully with 56408 records
2021-05-04 06:23:50,036 - GW_IPM_RENRATIO REGIONAL AUTO INFO - Renew1 created successfully with 66247 records
2021-05-04 06:23:50,864 - GW_IPM_RENRATIO REGIONAL AUTO INFO - There were total 33195 records read from table:agent.
2021-05-04 06:23:50,864 - GW_IPM_RENRATIO REGIONAL AUTO INFO - Table AGENT created successfully with 33195 records and 14 columns.
2021-05-04 06:23:51,412 - GW_IPM_RENRATIO REGIONAL AUTO INFO - There were total 33195 records read from table:agent202101.
2021-05-04 06:23:51,426 - GW_IPM_RENRATIO REGIONAL AUTO INFO - agent created successfully with 33195 records
2021-05-04 06:23:51,573 - GW_IPM_RENRATIO REGIONAL AUTO INFO - Connected to SQLite temporary work DB
2021-05-04 06:23:51,573 - GW_IPM_RENRATIO REGIONAL AUTO INFO - executing Renew2 table
2021-05-04 06:23:51,796 - GW_IPM_RENRATIO REGIONAL AUTO INFO - Table RENEW2 created successfully with 66247 records.
2021-05-04 06:23:51,796 - GW_IPM_RENRATIO REGIONAL AUTO INFO - Sqlite working DB connection is closed.
2021-05-04 06:23:52,689 - GW_IPM_RENRATIO REGIONAL AUTO INFO - There were total 66247 records read from table:Renew2.
2021-05-04 06:23:52,722 - GW_IPM_RENRATIO REGIONAL AUTO INFO - Renew2 created successfully with 66247 records
2021-05-04 06:23:54,673 - GW_IPM_RENRATIO REGIONAL AUTO INFO - There were total 378172 records read from table:InfRen202102.
2021-05-04 06:23:54,696 - GW_IPM_RENRATIO REGIONAL AUTO INFO - InfRenSubset202102 created successfully with 57845 records
2021-05-04 06:23:54,955 - GW_IPM_RENRATIO REGIONAL AUTO INFO - Connected to SQLite temporary work DB
2021-05-04 06:23:54,955 - GW_IPM_RENRATIO REGIONAL AUTO INFO - executing Renew3 table
2021-05-04 06:23:55,221 - GW_IPM_RENRATIO REGIONAL AUTO INFO - Table RENEW3 created successfully with 66247 records.
2021-05-04 06:23:55,221 - GW_IPM_RENRATIO REGIONAL AUTO INFO - Sqlite working DB connection is closed.
2021-05-04 06:23:55,221 - GW_IPM_RENRATIO REGIONAL AUTO INFO - Connected to SQLite temporary work DB
2021-05-04 06:23:55,221 - GW_IPM_RENRATIO REGIONAL AUTO INFO - executing Renew4 table
2021-05-04 06:23:55,504 - GW_IPM_RENRATIO REGIONAL AUTO INFO - Table RENEW4 created successfully with 66247 records.
2021-05-04 06:23:55,504 - GW_IPM_RENRATIO REGIONAL AUTO INFO - Sqlite working DB connection is closed.
2021-05-04 06:23:56,495 - GW_IPM_RENRATIO REGIONAL AUTO INFO - There were total 66247 records read from table:Renew4.
2021-05-04 06:23:56,579 - GW_IPM_RENRATIO REGIONAL AUTO INFO - Renew6 created successfully with 66247 records
2021-05-04 06:23:58,439 - GW_IPM_RENRATIO REGIONAL AUTO INFO - There were total 66247 records read from table:Renew6.
2021-05-04 06:23:58,733 - GW_IPM_RENRATIO REGIONAL AUTO INFO - Table HHLD1 created successfully with 34904 records and 31 columns.
2021-05-04 06:24:01,032 - GW_IPM_RENRATIO REGIONAL AUTO INFO - There were total 365044 records read from table:driver202101.
2021-05-04 06:24:01,032 - GW_IPM_RENRATIO REGIONAL AUTO INFO - Table DRIVER202101 created successfully with 365044 records and 43 columns.
2021-05-04 06:24:15,495 - GW_IPM_RENRATIO REGIONAL AUTO INFO - There were total 365044 records read from table:driver.
2021-05-04 06:24:15,768 - GW_IPM_RENRATIO REGIONAL AUTO INFO - driver created successfully with 365044 records
2021-05-04 06:24:19,653 - GW_IPM_RENRATIO REGIONAL AUTO INFO - There were total 315564 records read from table:drivergenii202101.
2021-05-04 06:24:19,653 - GW_IPM_RENRATIO REGIONAL AUTO INFO - Table DRIVERGENII202101 created successfully with 315564 records and 72 columns.
2021-05-04 06:24:29,121 - GW_IPM_RENRATIO REGIONAL AUTO INFO - There were total 365044 records read from table:driver.
2021-05-04 06:24:41,252 - GW_IPM_RENRATIO REGIONAL AUTO INFO - There were total 315564 records read from table:drivergenii.
2021-05-04 06:24:45,230 - GW_IPM_RENRATIO REGIONAL AUTO INFO - driver created successfully with 637066 records
2021-05-04 06:24:48,372 - GW_IPM_RENRATIO REGIONAL AUTO INFO - There were total 637066 records read from table:driver.
2021-05-04 06:24:48,585 - GW_IPM_RENRATIO REGIONAL AUTO INFO - Table DRIVER created successfully with 202918 records and 9 columns.
2021-05-04 06:24:54,077 - GW_IPM_RENRATIO REGIONAL AUTO INFO - There were total 57892 records read from table:inforce202101.
2021-05-04 06:24:54,126 - GW_IPM_RENRATIO REGIONAL AUTO INFO - termincep created successfully with 57892 records
2021-05-04 06:25:42,717 - GW_IPM_RENRATIO REGIONAL AUTO INFO - termincep created successfully with 383682 records
2021-05-04 06:25:44,227 - GW_IPM_RENRATIO REGIONAL AUTO INFO - There were total 383682 records read from table:termincep.
2021-05-04 06:25:44,383 - GW_IPM_RENRATIO REGIONAL AUTO INFO - Table TERMINCEP created successfully with 202940 records and 5 columns.
2021-05-04 06:25:45,660 - GW_IPM_RENRATIO REGIONAL AUTO INFO - Connected to SQLite temporary work DB
2021-05-04 06:25:45,660 - GW_IPM_RENRATIO REGIONAL AUTO INFO - executing Hhld2 table
2021-05-04 06:25:46,136 - GW_IPM_RENRATIO REGIONAL AUTO INFO - Table HHLD2 created successfully with 34904 records.
2021-05-04 06:25:46,136 - GW_IPM_RENRATIO REGIONAL AUTO INFO - Sqlite working DB connection is closed.
2021-05-04 06:25:46,644 - GW_IPM_RENRATIO REGIONAL AUTO INFO - There were total 34904 records read from table:Hhld2.
2021-05-04 06:25:46,973 - GW_IPM_RENRATIO REGIONAL AUTO INFO - Inf202101 created successfully with 34904 records
2021-05-04 06:25:48,746 - GW_IPM_RENRATIO REGIONAL AUTO INFO - There were total 57047 records read from table:inforce202102.
2021-05-04 06:25:48,746 - GW_IPM_RENRATIO REGIONAL AUTO INFO - Table INFORCE202102 created successfully with 57047 records and 117 columns.
2021-05-04 06:25:55,363 - GW_IPM_RENRATIO REGIONAL AUTO INFO - There were total 57047 records read from table:inforce202102.
2021-05-04 06:25:55,402 - GW_IPM_RENRATIO REGIONAL AUTO INFO - Gen1 created successfully with 57047 records
2021-05-04 06:25:55,967 - GW_IPM_RENRATIO REGIONAL AUTO INFO - There were total 0 records read from table:Gen1.
2021-05-04 06:25:55,967 - GW_IPM_RENRATIO REGIONAL AUTO INFO - Gen1 created successfully with 0 records
2021-05-04 06:26:03,919 - GW_IPM_RENRATIO REGIONAL AUTO INFO - There were total 321125 records read from table:inforcegenii202102.
2021-05-04 06:26:03,919 - GW_IPM_RENRATIO REGIONAL AUTO INFO - Table INFORCEGENII202102 created successfully with 321125 records and 213 columns.
2021-05-04 06:27:16,166 - GW_IPM_RENRATIO REGIONAL AUTO INFO - There were total 321125 records read from table:inforcegenii202102.
2021-05-04 06:27:17,776 - GW_IPM_RENRATIO REGIONAL AUTO INFO - Gen2 created successfully with 321125 records
2021-05-04 06:27:52,353 - GW_IPM_RENRATIO REGIONAL AUTO INFO - There were total 0 records read from table:Gen2.
2021-05-04 06:27:52,353 - GW_IPM_RENRATIO REGIONAL AUTO INFO - Gen2 created successfully with 0 records
2021-05-04 06:27:55,519 - GW_IPM_RENRATIO REGIONAL AUTO INFO - Renew1 created successfully with 0 records
2021-05-04 06:27:55,750 - GW_IPM_RENRATIO REGIONAL AUTO INFO - There were total 33369 records read from table:agent.
2021-05-04 06:27:55,751 - GW_IPM_RENRATIO REGIONAL AUTO INFO - Table AGENT created successfully with 33369 records and 14 columns.
2021-05-04 06:27:56,309 - GW_IPM_RENRATIO REGIONAL AUTO INFO - There were total 33369 records read from table:agent202102.
2021-05-04 06:27:56,320 - GW_IPM_RENRATIO REGIONAL AUTO INFO - agent created successfully with 33369 records
2021-05-04 06:27:56,462 - GW_IPM_RENRATIO REGIONAL AUTO INFO - Connected to SQLite temporary work DB
2021-05-04 06:27:56,462 - GW_IPM_RENRATIO REGIONAL AUTO INFO - executing Renew2 table
2021-05-04 06:27:56,554 - GW_IPM_RENRATIO REGIONAL AUTO INFO - Table RENEW2 created successfully with None records.
2021-05-04 06:27:56,554 - GW_IPM_RENRATIO REGIONAL AUTO INFO - Sqlite working DB connection is closed.
2021-05-04 06:27:56,568 - GW_IPM_RENRATIO REGIONAL AUTO INFO - There were total 0 records read from table:Renew2.
2021-05-04 06:27:56,568 - GW_IPM_RENRATIO REGIONAL AUTO INFO - Renew2 created successfully with 0 records
2021-05-04 06:27:57,568 - GW_IPM_RENRATIO REGIONAL AUTO INFO - There were total 66247 records read from table:Renew6.
2021-05-04 06:27:57,850 - GW_IPM_RENRATIO REGIONAL AUTO INFO - Table HHLD1 created successfully with 34904 records and 31 columns.
2021-05-04 06:28:00,127 - GW_IPM_RENRATIO REGIONAL AUTO INFO - There were total 359695 records read from table:driver202102.
2021-05-04 06:28:00,127 - GW_IPM_RENRATIO REGIONAL AUTO INFO - Table DRIVER202102 created successfully with 359695 records and 43 columns.
2021-05-04 06:28:14,557 - GW_IPM_RENRATIO REGIONAL AUTO INFO - There were total 359695 records read from table:driver.
2021-05-04 06:28:14,841 - GW_IPM_RENRATIO REGIONAL AUTO INFO - driver created successfully with 359695 records
2021-05-04 06:28:18,704 - GW_IPM_RENRATIO REGIONAL AUTO INFO - There were total 310973 records read from table:drivergenii202102.
2021-05-04 06:28:18,704 - GW_IPM_RENRATIO REGIONAL AUTO INFO - Table DRIVERGENII202102 created successfully with 310973 records and 72 columns.
2021-05-04 06:28:28,287 - GW_IPM_RENRATIO REGIONAL AUTO INFO - There were total 359695 records read from table:driver.
2021-05-04 06:28:40,310 - GW_IPM_RENRATIO REGIONAL AUTO INFO - There were total 310973 records read from table:drivergenii.
2021-05-04 06:28:44,230 - GW_IPM_RENRATIO REGIONAL AUTO INFO - driver created successfully with 627923 records
2021-05-04 06:28:47,455 - GW_IPM_RENRATIO REGIONAL AUTO INFO - There were total 627923 records read from table:driver.
2021-05-04 06:28:47,662 - GW_IPM_RENRATIO REGIONAL AUTO INFO - Table DRIVER created successfully with 199969 records and 9 columns.
2021-05-04 06:28:53,221 - GW_IPM_RENRATIO REGIONAL AUTO INFO - There were total 57047 records read from table:inforce202102.
2021-05-04 06:28:53,267 - GW_IPM_RENRATIO REGIONAL AUTO INFO - termincep created successfully with 57047 records
2021-05-04 06:29:40,790 - GW_IPM_RENRATIO REGIONAL AUTO INFO - termincep created successfully with 378172 records
2021-05-04 06:29:42,281 - GW_IPM_RENRATIO REGIONAL AUTO INFO - There were total 378172 records read from table:termincep.
2021-05-04 06:29:42,434 - GW_IPM_RENRATIO REGIONAL AUTO INFO - Table TERMINCEP created successfully with 199990 records and 5 columns.
2021-05-04 06:29:43,666 - GW_IPM_RENRATIO REGIONAL AUTO INFO - Connected to SQLite temporary work DB
2021-05-04 06:29:43,666 - GW_IPM_RENRATIO REGIONAL AUTO INFO - executing Hhld2 table
2021-05-04 06:29:44,151 - GW_IPM_RENRATIO REGIONAL AUTO INFO - Table HHLD2 created successfully with 34904 records.
2021-05-04 06:29:44,151 - GW_IPM_RENRATIO REGIONAL AUTO INFO - Sqlite working DB connection is closed.
2021-05-04 06:29:44,684 - GW_IPM_RENRATIO REGIONAL AUTO INFO - There were total 34904 records read from table:Hhld2.
2021-05-04 06:29:45,019 - GW_IPM_RENRATIO REGIONAL AUTO INFO - Inf202102 created successfully with 34904 records
2021-05-04 06:29:46,589 - GW_IPM_RENRATIO REGIONAL AUTO INFO - There were total 32661 records read from table:Inf202012.
2021-05-04 06:29:46,845 - GW_IPM_RENRATIO REGIONAL AUTO INFO - Inf202012 created successfully with 32661 records
2021-05-04 06:29:48,255 - GW_IPM_RENRATIO REGIONAL AUTO INFO - There were total 32661 records read from table:Inf202012.
2021-05-04 06:29:51,129 - GW_IPM_RENRATIO REGIONAL AUTO INFO - Table SUMMARYPREMIER created successfully with 8579 records and 10 columns.
2021-05-04 06:29:51,297 - GW_IPM_RENRATIO REGIONAL AUTO INFO - There were total 8579 records read from table:summaryPremier.
2021-05-04 06:29:51,312 - GW_IPM_RENRATIO REGIONAL AUTO INFO - summaryPremier created successfully with 8579 records
2021-05-04 06:29:52,147 - GW_IPM_RENRATIO REGIONAL AUTO INFO - There were total 32661 records read from table:Inf202012.
2021-05-04 06:29:55,291 - GW_IPM_RENRATIO REGIONAL AUTO INFO - Table SUMMARYMULTIPROD created successfully with 7943 records and 10 columns.
2021-05-04 06:29:55,463 - GW_IPM_RENRATIO REGIONAL AUTO INFO - There were total 7943 records read from table:summaryMultiProd.
2021-05-04 06:29:55,479 - GW_IPM_RENRATIO REGIONAL AUTO INFO - summaryMultiProd created successfully with 7943 records
2021-05-04 06:29:56,359 - GW_IPM_RENRATIO REGIONAL AUTO INFO - There were total 32661 records read from table:Inf202012.
2021-05-04 06:29:59,501 - GW_IPM_RENRATIO REGIONAL AUTO INFO - Table SUMMARYCOVERAGE created successfully with 5673 records and 10 columns.
2021-05-04 06:29:59,642 - GW_IPM_RENRATIO REGIONAL AUTO INFO - There were total 5673 records read from table:summaryCoverage.
2021-05-04 06:29:59,655 - GW_IPM_RENRATIO REGIONAL AUTO INFO - summaryCoverage created successfully with 5673 records
2021-05-04 06:30:00,504 - GW_IPM_RENRATIO REGIONAL AUTO INFO - There were total 32661 records read from table:Inf202012.
2021-05-04 06:30:03,613 - GW_IPM_RENRATIO REGIONAL AUTO INFO - Table SUMMARYNOVEH created successfully with 12623 records and 10 columns.
2021-05-04 06:30:03,858 - GW_IPM_RENRATIO REGIONAL AUTO INFO - There were total 12623 records read from table:summaryNoVeh.
2021-05-04 06:30:03,877 - GW_IPM_RENRATIO REGIONAL AUTO INFO - summaryNoVeh created successfully with 12623 records
2021-05-04 06:30:04,834 - GW_IPM_RENRATIO REGIONAL AUTO INFO - There were total 32661 records read from table:Inf202012.
2021-05-04 06:30:08,283 - GW_IPM_RENRATIO REGIONAL AUTO INFO - Table SUMMARYVEHAGEN created successfully with 15049 records and 10 columns.
2021-05-04 06:30:08,569 - GW_IPM_RENRATIO REGIONAL AUTO INFO - There were total 15049 records read from table:summaryVehAgeN.
2021-05-04 06:30:08,597 - GW_IPM_RENRATIO REGIONAL AUTO INFO - summaryVehAgeN created successfully with 15049 records
2021-05-04 06:30:09,555 - GW_IPM_RENRATIO REGIONAL AUTO INFO - There were total 32661 records read from table:Inf202012.
2021-05-04 06:30:13,049 - GW_IPM_RENRATIO REGIONAL AUTO INFO - Table SUMMARYMEM created successfully with 7593 records and 10 columns.
2021-05-04 06:30:13,231 - GW_IPM_RENRATIO REGIONAL AUTO INFO - There were total 7593 records read from table:summaryMem.
2021-05-04 06:30:13,246 - GW_IPM_RENRATIO REGIONAL AUTO INFO - summaryMem created successfully with 7593 records
2021-05-04 06:30:14,159 - GW_IPM_RENRATIO REGIONAL AUTO INFO - There were total 32661 records read from table:Inf202012.
2021-05-04 06:30:17,584 - GW_IPM_RENRATIO REGIONAL AUTO INFO - Table SUMMARYAGEOLDEST created successfully with 8309 records and 10 columns.
2021-05-04 06:30:17,775 - GW_IPM_RENRATIO REGIONAL AUTO INFO - There were total 8309 records read from table:summaryAgeOldest.
2021-05-04 06:30:17,792 - GW_IPM_RENRATIO REGIONAL AUTO INFO - summaryAgeOldest created successfully with 8309 records
2021-05-04 06:30:18,690 - GW_IPM_RENRATIO REGIONAL AUTO INFO - There were total 32661 records read from table:Inf202012.
2021-05-04 06:30:22,535 - GW_IPM_RENRATIO REGIONAL AUTO INFO - Table SUMMARYAGEYOUNGEST created successfully with 5673 records and 10 columns.
2021-05-04 06:30:22,697 - GW_IPM_RENRATIO REGIONAL AUTO INFO - There were total 5673 records read from table:summaryAgeYoungest.
2021-05-04 06:30:22,712 - GW_IPM_RENRATIO REGIONAL AUTO INFO - summaryAgeYoungest created successfully with 5673 records
2021-05-04 06:30:23,733 - GW_IPM_RENRATIO REGIONAL AUTO INFO - There were total 32661 records read from table:Inf202012.
2021-05-04 06:30:27,609 - GW_IPM_RENRATIO REGIONAL AUTO INFO - Table SUMMARYAGETENURETXT created successfully with 14819 records and 10 columns.
2021-05-04 06:30:27,907 - GW_IPM_RENRATIO REGIONAL AUTO INFO - There were total 14819 records read from table:summaryTenuretxt.
2021-05-04 06:30:27,930 - GW_IPM_RENRATIO REGIONAL AUTO INFO - summaryTenuretxt created successfully with 14819 records
2021-05-04 06:30:28,959 - GW_IPM_RENRATIO REGIONAL AUTO INFO - There were total 32661 records read from table:Inf202012.
2021-05-04 06:30:32,931 - GW_IPM_RENRATIO REGIONAL AUTO INFO - Table SUMMARYEFT created successfully with 8303 records and 10 columns.
2021-05-04 06:30:33,123 - GW_IPM_RENRATIO REGIONAL AUTO INFO - There were total 8303 records read from table:summaryEFT.
2021-05-04 06:30:33,140 - GW_IPM_RENRATIO REGIONAL AUTO INFO - summaryEFT created successfully with 8303 records
2021-05-04 06:30:34,145 - GW_IPM_RENRATIO REGIONAL AUTO INFO - There were total 32661 records read from table:Inf202012.
2021-05-04 06:30:37,602 - GW_IPM_RENRATIO REGIONAL AUTO INFO - Table SUMMARYCVED created successfully with 12211 records and 10 columns.
2021-05-04 06:30:37,851 - GW_IPM_RENRATIO REGIONAL AUTO INFO - There were total 12211 records read from table:summaryCVED.
2021-05-04 06:30:37,871 - GW_IPM_RENRATIO REGIONAL AUTO INFO - summaryCVED created successfully with 12211 records
2021-05-04 06:30:38,901 - GW_IPM_RENRATIO REGIONAL AUTO INFO - There were total 32661 records read from table:Inf202012.
2021-05-04 06:30:42,888 - GW_IPM_RENRATIO REGIONAL AUTO INFO - Table SUMMARYPRIORINS created successfully with 10587 records and 10 columns.
2021-05-04 06:30:43,082 - GW_IPM_RENRATIO REGIONAL AUTO INFO - There were total 10587 records read from table:summaryPriorIns.
2021-05-04 06:30:43,098 - GW_IPM_RENRATIO REGIONAL AUTO INFO - summaryPriorIns created successfully with 0 records
2021-05-04 06:30:44,016 - GW_IPM_RENRATIO REGIONAL AUTO INFO - There were total 32661 records read from table:Inf202012.
2021-05-04 06:30:47,875 - GW_IPM_RENRATIO REGIONAL AUTO INFO - Table SUMMARYVHLEVELB created successfully with 17633 records and 10 columns.
2021-05-04 06:30:48,213 - GW_IPM_RENRATIO REGIONAL AUTO INFO - There were total 17633 records read from table:summaryVHlevelB.
2021-05-04 06:30:48,242 - GW_IPM_RENRATIO REGIONAL AUTO INFO - summaryVHlevelB created successfully with 17633 records
2021-05-04 06:30:49,358 - GW_IPM_RENRATIO REGIONAL AUTO INFO - There were total 32661 records read from table:Inf202012.
2021-05-04 06:30:53,398 - GW_IPM_RENRATIO REGIONAL AUTO INFO - Table SUMMARYVHLEVELW created successfully with 21427 records and 10 columns.
2021-05-04 06:30:53,783 - GW_IPM_RENRATIO REGIONAL AUTO INFO - There were total 21427 records read from table:summaryVHlevelW.
2021-05-04 06:30:53,820 - GW_IPM_RENRATIO REGIONAL AUTO INFO - summaryVHlevelW created successfully with 21427 records
2021-05-04 06:30:55,035 - GW_IPM_RENRATIO REGIONAL AUTO INFO - There were total 32661 records read from table:Inf202012.
2021-05-04 06:30:59,117 - GW_IPM_RENRATIO REGIONAL AUTO INFO - Table SUMMARYPIF created successfully with 8225 records and 10 columns.
2021-05-04 06:30:59,316 - GW_IPM_RENRATIO REGIONAL AUTO INFO - There were total 8225 records read from table:summaryPIF.
2021-05-04 06:30:59,333 - GW_IPM_RENRATIO REGIONAL AUTO INFO - summaryPIF created successfully with 8225 records
2021-05-04 06:31:00,320 - GW_IPM_RENRATIO REGIONAL AUTO INFO - There were total 32661 records read from table:Inf202012.
2021-05-04 06:31:04,214 - GW_IPM_RENRATIO REGIONAL AUTO INFO - Table SUMMARYPREMIER2 created successfully with 11053 records and 10 columns.
2021-05-04 06:31:04,450 - GW_IPM_RENRATIO REGIONAL AUTO INFO - There were total 11053 records read from table:summaryPremier2.
2021-05-04 06:31:04,473 - GW_IPM_RENRATIO REGIONAL AUTO INFO - summaryPremier2 created successfully with 11053 records
2021-05-04 06:31:05,645 - GW_IPM_RENRATIO REGIONAL AUTO INFO - There were total 32661 records read from table:Inf202012.
2021-05-04 06:31:09,544 - GW_IPM_RENRATIO REGIONAL AUTO INFO - Table SUMMARYAAADRIVE created successfully with 7367 records and 10 columns.
2021-05-04 06:31:09,729 - GW_IPM_RENRATIO REGIONAL AUTO INFO - There were total 7367 records read from table:summaryAAADrive.
2021-05-04 06:31:09,742 - GW_IPM_RENRATIO REGIONAL AUTO INFO - summaryAAADrive created successfully with 7367 records
2021-05-04 06:31:11,269 - GW_IPM_RENRATIO REGIONAL AUTO INFO - Table FINALSUMMARY202012 created successfully with 172480 records and 16 columns.
2021-05-04 06:31:14,954 - GW_IPM_RENRATIO REGIONAL AUTO INFO - There were total 172480 records read from table:finalsummary202012.
2021-05-04 06:31:15,001 - GW_IPM_RENRATIO REGIONAL AUTO INFO - finalsummary202012 created successfully with 172480 records
2021-05-04 06:31:17,118 - GW_IPM_RENRATIO REGIONAL AUTO INFO - There were total 1025 records read from table:finalsummary202012.
2021-05-04 06:31:17,119 - GW_IPM_RENRATIO REGIONAL AUTO INFO - finalsummaryCaptiveEA202012 created successfully with 1025 records
2021-05-04 06:31:17,175 - GW_IPM_RENRATIO REGIONAL AUTO INFO - There were total 1025 records read from table:finalsummaryCaptiveEA202012.
2021-05-04 06:31:18,350 - GW_IPM_RENRATIO REGIONAL AUTO INFO - Table FINALSUMMARY2CAPTIVEEA202012 created successfully with 23645 records and 13 columns.
2021-05-04 06:31:18,743 - GW_IPM_RENRATIO REGIONAL AUTO INFO - There were total 23645 records read from table:finalsummary2CaptiveEA202012.
2021-05-04 06:31:18,745 - GW_IPM_RENRATIO REGIONAL AUTO INFO - finalsummary2CaptiveEA202012 created successfully with 23645 records
2021-05-04 06:31:20,647 - GW_IPM_RENRATIO REGIONAL AUTO INFO - finalsummaryout202012 created successfully with 196125 records
2021-05-04 06:31:24,678 - GW_IPM_RENRATIO REGIONAL AUTO INFO - There were total 196125 records read from table:finalsummaryout202012.
2021-05-04 06:31:24,971 - GW_IPM_RENRATIO REGIONAL AUTO INFO - fixempty202012 created successfully with 1150 records
